<?xml version="1.0" encoding="UTF-8"?>
<testsuite xmlns:xsi="http://www.w3.org/2001/XMLSchema-instance" xsi:noNamespaceSchemaLocation="https://maven.apache.org/surefire/maven-surefire-plugin/xsd/surefire-test-report.xsd" name="com.example.MyAppTest" time="0.041" tests="3" errors="0" skipped="0" failures="0">
  <properties>
[...]
</properties>
  <testcase name="testAdd" classname="com.example.MyAppTest" time="0.024"/>
  <testcase name="testSayHello" classname="com.example.MyAppTest" time="0.002"/>
  <testcase name="testIsPositive" classname="com.example.MyAppTest" time="0.004"/>
</testsuite>